<?xml version="1.0" encoding="UTF-8"?>
<beans
	xmlns="http://www.springframework.org/schema/beans"
	xmlns:xsi="http://www.w3.org/2001/XMLSchema-instance"
	xmlns:jdbc="http://www.springframework.org/schema/jdbc"
	xsi:schemaLocation="http://www.springframework.org/schema/beans http://www.springframework.org/schema/beans/spring-beans-3.1.xsd http://www.springframework.org/schema/jdbc http://www.springframework.org/schema/jdbc/spring-jdbc-3.1.xsd">

	<bean
		id="mysqlDataSource"
		class="org.springframework.jdbc.datasource.DriverManagerDataSource">
		<property
			name="driverClassName"
			value="com.mysql.jdbc.Driver" />
		<property
			name="url"
			value="jdbc:mysql://localhost:3306/yntdl" />
		<property
			name="username"
			value="eason" />
		<property
			name="password"
			value="1234" />
	</bean>

	<jdbc:embedded-database
		id="h2DataSource"
		type="H2">
		<jdbc:script location="classpath:schema.sql" />
		<jdbc:script location="classpath:test-data.sql" />
	</jdbc:embedded-database>

	<bean
		id="jdbcTemplate"
		class="org.springframework.jdbc.core.namedparam.NamedParameterJdbcTemplate">
		<constructor-arg ref="mysqlDataSource" />
	</bean>

	<bean
		id="daoJdbcTemplate"
		class="com.easoncxz.yntdl.persistence.DaoJdbcTemplate">
		<constructor-arg ref="jdbcTemplate">
		</constructor-arg>
	</bean>

</beans>