<?xml version="1.0" encoding="UTF-8"?>
<beans
	xmlns="http://www.springframework.org/schema/beans"
	xmlns:xsi="http://www.w3.org/2001/XMLSchema-instance"
	xmlns:context="http://www.springframework.org/schema/context"
	xmlns:tx="http://www.springframework.org/schema/tx"
	xmlns:jdbc="http://www.springframework.org/schema/jdbc"
	xsi:schemaLocation="http://www.springframework.org/schema/jdbc http://www.springframework.org/schema/jdbc/spring-jdbc-3.1.xsd http://www.springframework.org/schema/beans http://www.springframework.org/schema/beans/spring-beans-3.1.xsd http://www.springframework.org/schema/tx http://www.springframework.org/schema/tx/spring-tx-3.1.xsd http://www.springframework.org/schema/context http://www.springframework.org/schema/context/spring-context-3.1.xsd">

	<bean
		id="mysqlDataSource"
		class="org.springframework.jdbc.datasource.DriverManagerDataSource">
		<property
			name="driverClassName"
			value="com.mysql.jdbc.Driver" />
		<property
			name="url"
			value="jdbc:mysql://localhost:3306/yntdl" />
		<property
			name="username"
			value="eason" />
		<property
			name="password"
			value="1234" />
	</bean>

	<jdbc:embedded-database
		id="h2DataSource"
		type="H2">
		<jdbc:script location="classpath:schema.sql" />
		<jdbc:script location="classpath:test-data.sql" />
	</jdbc:embedded-database>

	<bean
		id="jdbcTemplate"
		class="org.springframework.jdbc.core.namedparam.NamedParameterJdbcTemplate">
		<constructor-arg ref="mysqlDataSource" />
	</bean>

	<bean
		id="daoJdbcTemplate"
		class="com.easoncxz.yntdl.persistence.DaoJdbcTemplate">
		<constructor-arg ref="jdbcTemplate">
		</constructor-arg>
	</bean>

	<!-- Hibernate stuff follows -->

	<tx:annotation-driven />

	<context:component-scan base-package="com.easoncxz.yntdl" />

	<bean
		class="org.springframework.dao.annotation.PersistenceExceptionTranslationPostProcessor" />

	<bean
		id="springSessionFactory"
		class="org.springframework.orm.hibernate3.annotation.AnnotationSessionFactoryBean">
		<property
			name="dataSource"
			ref="mysqlDataSource" />
		<property
			name="packagesToScan"
			value="com.easoncxz.yntdl.domain" />
		<property name="hibernateProperties">
			<props>
				<!-- <prop key="hibernate.dialect">org.hibernate.dialect.H2Dialect</prop> -->
				<prop key="hibernate.dialect">org.hibernate.dialect.MySQLDialect</prop>
				<prop key="hibernate.max_fetch_depth">3</prop>
				<prop key="hibernate.jdbc.fetch_size">50</prop>
				<prop key="hibernate.jdbc.batch_size">10</prop>
				<prop key="hibernate.show_sql">true</prop>
			</props>
		</property>
	</bean>

	<bean
		id="transactionManager"
		class="org.springframework.orm.hibernate3.HibernateTransactionManager">
		<property
			name="sessionFactory"
			ref="springSessionFactory" />
	</bean>
</beans>